<?xml version="1.0" encoding="UTF-8"?>
<!-- Generated by org.testng.reporters.JUnitReportReporter -->
<testsuite skipped="0" hostname="IN-JT9T253" name="Demo.Actitime.createcust" tests="1" failures="0" timestamp="27 Jul 2023 10:35:18 GMT" time="0.007" errors="0">
  <testcase name="craetecustomer" time="0.007" classname="Demo.Actitime.createcust"/>
</testsuite> <!-- Demo.Actitime.createcust -->
