<?xml version="1.0" encoding="UTF-8"?>
<!-- Generated by org.testng.reporters.JUnitReportReporter -->
<testsuite hostname="IN-JT9T253" failures="0" tests="1" name="Demo.Actitime.creattask" time="0.000" errors="0" timestamp="27 Jul 2023 12:06:39 GMT" skipped="0">
  <testcase classname="Demo.Actitime.creattask" name="craetetasks" time="0.000"/>
</testsuite> <!-- Demo.Actitime.creattask -->
